
# 5) Run
# write_dump all atom dump-*.lammpstrj
timestep 0.0001
fix 1 all nve/sphere
# may need to change damping coefficient 1.88
# this is for particle type 1 only (scale type ratio)
fix 2 all viscous 1.88 scale 1 1.4
run 1000000
Generated 0 of 1 mixed pair_coeff terms from geometric mixing rule
Neighbor list info ...
  update: every = 1 steps, delay = 0 steps, check = yes
  max neighbors/atom: 2000, page size: 100000
  master list distance cutoff = 2.5
  ghost atom cutoff = 2.5
  binsize = 1.25, bins = 12 12 12
  1 neighbor lists, perpetual/occasional/extra = 1 0 0
  (1) pair granular, perpetual
      attributes: half, newton on, size, history
      pair build: half/size/bin/atomonly/newton/tri
      stencil: half/bin/3d/tri
      bin: standard
Per MPI rank memory allocation (min/avg/max) = 10 | 10 | 10 Mbytes
   Step          Temp          E_pair         E_mol          TotEng         Press     
         0   0              0              0              0              90.915715    
     10000   140.38929      0              0              209.53101      17.819264    
     20000   51.937528      0              0              77.51676       7.4016496    
     30000   24.001272      0              0              35.821898      2.8717798    
     40000   12.485377      0              0              18.634425      1.127429     
     50000   6.6892596      0              0              9.98372        1.2610263    
     60000   4.0159198      0              0              5.9937603      0.44306479   
     70000   2.3646899      0              0              3.5292997      0.37406463   
     80000   1.3910452      0              0              2.076135       0.28527391   
     90000   0.86416882     0              0              1.289772       0.12758229   
    100000   0.54313114     0              0              0.81062323     0.075354612  
    110000   0.3486216      0              0              0.52031774     0.058951146  
    120000   0.22787903     0              0              0.34010945     0.014804627  
    130000   0.14654568     0              0              0.21871942     0.021836502  
    140000   0.095567586    0              0              0.14263462     0.017603428  
    150000   0.061846139    0              0              0.092305362    0.0078680393 
    160000   0.039422297    0              0              0.058837778    0.029834906  
    170000   0.026456828    0              0              0.039486816    0.0019200143 
    180000   0.017429017    0              0              0.026012808    0.0071056662 
    190000   0.011519533    0              0              0.017192903    0.00093411742
    200000   0.0076325544   0              0              0.011391587    0.00070516874
    210000   0.0050583756   0              0              0.0075496255   0.00047940125
    220000   0.0033608212   0              0              0.0050160257   0.00026421165
    230000   0.0022504394   0              0              0.0033587808   0.00019761122
    240000   0.0014915487   0              0              0.0022261365   0.0011904947 
    250000   0.00099179559  0              0              0.0014802549   8.6819378e-05
    260000   0.00066047774  0              0              0.00098576302  6.3077633e-05
    270000   0.00043908006  0              0              0.00065532699  4.0671753e-05
    280000   0.00029283305  0              0              0.00043705333  3.1694597e-05
    290000   0.00019497117  0              0              0.00029099447  1.9149431e-05
    300000   0.00013000178  0              0              0.00019402766  1.5033925e-05
    310000   8.6827703e-05  0              0              0.00012959035  1.0982375e-05
    320000   5.8189545e-05  0              0              8.6847897e-05  6.8250476e-06
    330000   3.8897784e-05  0              0              5.8054942e-05  4.6878573e-06
    340000   2.6018399e-05  0              0              3.8832461e-05  3.1967651e-06
    350000   1.7337897e-05  0              0              2.5876812e-05  2.1832794e-06
    360000   1.1540257e-05  0              0              1.7223833e-05  1.4930775e-06
    370000   7.68973e-06    0              0              1.1476922e-05  1.2823503e-06
    380000   5.1277841e-06  0              0              7.6532178e-06  1.145762e-06 
    390000   3.4216623e-06  0              0              5.106831e-06   7.5144448e-07
    400000   2.2847342e-06  0              0              3.4099659e-06  5.75974e-07  
    410000   1.5263446e-06  0              0              2.2780693e-06  4.130134e-07 
    420000   1.0200867e-06  0              0              1.5224793e-06  3.2864182e-07
    430000   6.8194526e-07  0              0              1.0178033e-06  2.22083e-07  
    440000   4.5599454e-07  0              0              6.8057186e-07  1.584763e-07 
    450000   3.0496099e-07  0              0              4.5515427e-07  1.1164339e-07
    460000   2.0397905e-07  0              0              3.0443873e-07  7.8950597e-08
    470000   1.3644883e-07  0              0              2.0364988e-07  5.5852134e-08
    480000   9.128231e-08   0              0              1.3623885e-07  3.9545867e-08
    490000   6.1070015e-08  0              0              9.1146998e-08  2.8022985e-08
    500000   4.0859023e-08  0              0              6.0982091e-08  1.9871402e-08
    510000   2.7337692e-08  0              0              4.0801505e-08  1.4101369e-08
    520000   1.8291366e-08  0              0              2.7299864e-08  1.0013202e-08
    530000   1.2238782e-08  0              0              1.8266383e-08  7.1166927e-09
    540000   8.1890971e-09  0              0              1.2222227e-08  5.0621979e-09
    550000   5.4794638e-09  0              0              8.1780997e-09  3.6028886e-09
    560000   3.6664282e-09  0              0              5.4721441e-09  2.5652126e-09
    570000   2.4532993e-09  0              0              3.6615492e-09  1.8280342e-09
    580000   1.6415702e-09  0              0              2.4500436e-09  1.3031116e-09
    590000   1.0984227e-09  0              0              1.6393959e-09  9.2903689e-10
    600000   7.3498808e-10  0              0              1.0969697e-09  6.6259343e-10
    610000   4.9180346e-10  0              0              7.3401666e-10  4.7304541e-10
    620000   3.2908126e-10  0              0              4.9115378e-10  3.3760585e-10
    630000   2.2019877e-10  0              0              3.2864667e-10  2.4120645e-10
    640000   1.4734205e-10  0              0              2.1990801e-10  1.7239335e-10
    650000   9.8591284e-11  0              0              1.4714749e-10  1.2268549e-10
    660000   6.5970578e-11  0              0              9.8461088e-11  8.7806317e-11
    670000   4.4143014e-11  0              0              6.5883448e-11  6.281074e-11 
    680000   2.953749e-11   0              0              4.4084703e-11  4.4504718e-11
    690000   1.9764466e-11  0              0              2.9498465e-11  3.2220548e-11
    700000   1.3225024e-11  0              0              1.9738349e-11  2.2799642e-11
    710000   8.8492766e-12  0              0              1.3207545e-11  1.6069373e-11
    720000   5.9213258e-12  0              0              8.8375788e-12  1.215519e-11 
    730000   3.9621421e-12  0              0              5.9134971e-12  8.0507096e-12
    740000   2.6511912e-12  0              0              3.9569029e-12  5.8176207e-12
    750000   1.7739933e-12  0              0              2.647685e-12   4.6066362e-12
    760000   1.1870331e-12  0              0              1.7716469e-12  3.3483941e-12
    770000   7.9427994e-13  0              0              1.1854628e-12  2.3105794e-12
    780000   5.314768e-13   0              0              7.9322912e-13  1.3808502e-12
    790000   3.5562719e-13  0              0              5.3077359e-13  8.9566803e-13
    800000   2.3796088e-13  0              0              3.5515661e-13  8.5365602e-13
    810000   1.5922678e-13  0              0              2.3764598e-13  5.6778042e-13
    820000   1.0654342e-13  0              0              1.5901606e-13  6.1387454e-13
    830000   7.1291398e-14  0              0              1.0640241e-13  4.4664468e-13
    840000   4.7703207e-14  0              0              7.1197037e-14  3.302522e-13 
    850000   3.1919641e-14  0              0              4.7640064e-14  8.055742e-14 
    860000   2.1358384e-14  0              0              3.1877388e-14  1.227875e-13 
    870000   1.4291531e-14  0              0              2.133011e-14   5.6030343e-14
    880000   9.5628887e-15  0              0              1.4272611e-14  9.6884264e-14
    890000   6.3988132e-15  0              0              9.5502287e-15  9.1606234e-15
    900000   4.2816361e-15  0              0              6.3903419e-15  4.142558e-14 
    910000   2.8649698e-15  0              0              4.2759675e-15  8.4754984e-14
    920000   1.9170364e-15  0              0              2.8611768e-15  1.8244459e-14
    930000   1.2827459e-15  0              0              1.9144983e-15  8.1384103e-17
    940000   8.5832331e-16  0              0              1.2810475e-15  5.4456516e-17
    950000   5.7432959e-16  0              0              8.5718692e-16  4.1399747e-16
    960000   3.8430098e-16  0              0              5.7356922e-16  9.463357e-15 
    970000   2.5714717e-16  0              0              3.8379216e-16  1.631476e-17 
    980000   1.720648e-16   0              0              2.5680671e-16  1.2470364e-14
    990000   1.1513366e-16  0              0              1.7183699e-16  7.3046811e-18
   1000000   7.703935e-17   0              0              1.1498123e-16  4.887779e-18 
Loop time of 26.1399 on 1 procs for 1000000 steps with 200 atoms

Performance: 330528.913 tau/day, 38255.661 timesteps/s, 7.651 Matom-step/s
52.0% CPU use with 1 MPI tasks x 1 OpenMP threads

MPI task timing breakdown:
Section |  min time  |  avg time  |  max time  |%varavg| %total
---------------------------------------------------------------
Pair    | 7.5156     | 7.5156     | 7.5156     |   0.0 | 28.75
Neigh   | 0.22104    | 0.22104    | 0.22104    |   0.0 |  0.85
Comm    | 10.082     | 10.082     | 10.082     |   0.0 | 38.57
Output  | 1.0387     | 1.0387     | 1.0387     |   0.0 |  3.97
Modify  | 5.59       | 5.59       | 5.59       |   0.0 | 21.38
Other   |            | 1.692      |            |       |  6.47

Nlocal:            200 ave         200 max         200 min
Histogram: 1 0 0 0 0 0 0 0 0 0
Nghost:            283 ave         283 max         283 min
Histogram: 1 0 0 0 0 0 0 0 0 0
Neighs:            160 ave         160 max         160 min
Histogram: 1 0 0 0 0 0 0 0 0 0

Total # of neighbors = 160
Ave neighs/atom = 0.8
Neighbor list builds = 801
Dangerous builds = 0

# 6) Save system
write_data gel.init.data
System init for write_data ...
Generated 0 of 1 mixed pair_coeff terms from geometric mixing rule
Total wall time: 0:00:26
